TN:
SF:src\app.ts
FNF:0
FNH:0
DA:1,2
DA:2,2
DA:3,2
DA:5,2
DA:7,2
DA:8,2
DA:10,2
DA:12,2
LF:8
LH:8
BRF:0
BRH:0
end_of_record
TN:
SF:src\middlewares\auth.ts
FN:5,requireAuth
FNF:1
FNH:1
FNDA:18,requireAuth
DA:2,3
DA:5,3
DA:6,18
DA:7,18
DA:8,6
DA:9,6
DA:12,12
DA:13,12
DA:14,11
DA:16,1
LF:10
LH:10
BRDA:7,0,0,6
BRF:1
BRH:1
end_of_record
TN:
SF:src\routes\auth.ts
FN:8,(anonymous_9)
FN:22,(anonymous_10)
FN:36,(anonymous_11)
FN:50,(anonymous_12)
FN:64,(anonymous_13)
FNF:5
FNH:5
FNDA:3,(anonymous_9)
FNDA:3,(anonymous_10)
FNDA:3,(anonymous_11)
FNDA:3,(anonymous_12)
FNDA:2,(anonymous_13)
DA:1,2
DA:2,2
DA:3,2
DA:6,2
DA:8,2
DA:9,3
DA:10,3
DA:11,1
DA:12,1
DA:14,2
DA:15,2
DA:16,1
DA:18,1
DA:22,2
DA:23,3
DA:24,3
DA:25,1
DA:26,1
DA:28,2
DA:29,2
DA:30,1
DA:32,1
DA:36,2
DA:37,3
DA:38,3
DA:39,1
DA:40,1
DA:42,2
DA:43,2
DA:44,1
DA:46,1
DA:50,2
DA:51,3
DA:52,3
DA:53,1
DA:54,1
DA:56,2
DA:57,2
DA:58,1
DA:60,1
DA:64,2
DA:65,2
DA:66,2
DA:67,1
DA:69,1
DA:73,2
LF:46
LH:46
BRDA:10,0,0,1
BRDA:10,1,0,3
BRDA:10,1,1,3
BRDA:10,1,2,2
BRDA:18,2,0,1
BRDA:18,2,1,0
BRDA:24,3,0,1
BRDA:24,4,0,3
BRDA:24,4,1,3
BRDA:32,5,0,1
BRDA:32,5,1,0
BRDA:38,6,0,1
BRDA:46,7,0,1
BRDA:46,7,1,0
BRDA:52,8,0,1
BRDA:60,9,0,1
BRDA:60,9,1,0
BRDA:69,10,0,1
BRDA:69,10,1,0
BRF:19
BRH:14
end_of_record
TN:
SF:src\routes\garage.ts
FN:10,(anonymous_9)
FN:19,(anonymous_10)
FNF:2
FNH:2
FNDA:2,(anonymous_9)
FNDA:3,(anonymous_10)
DA:1,2
DA:2,2
DA:4,2
DA:6,2
DA:8,2
DA:10,2
DA:11,2
DA:12,2
DA:13,1
DA:15,1
DA:19,2
DA:20,3
DA:21,3
DA:23,3
DA:24,1
DA:25,1
DA:28,2
DA:29,2
DA:30,1
DA:32,1
DA:36,2
LF:21
LH:21
BRDA:15,0,0,1
BRDA:15,0,1,0
BRDA:23,1,0,1
BRDA:32,2,0,1
BRDA:32,2,1,0
BRF:5
BRH:3
end_of_record
TN:
SF:src\routes\index.ts
FN:7,(anonymous_1)
FNF:1
FNH:1
FNDA:1,(anonymous_1)
DA:1,2
DA:2,2
DA:3,2
DA:5,2
DA:7,2
DA:8,1
DA:11,2
DA:12,2
DA:14,2
LF:9
LH:9
BRF:0
BRH:0
end_of_record
TN:
SF:src\services\auth.service.ts
FN:9,registerWithEmail
FN:38,loginWithEmail
FN:62,loginWithGoogle
FN:105,setupApodo
FN:121,getProfile
FN:142,assignStarterCar
FNF:6
FNH:6
FNDA:3,registerWithEmail
FNDA:4,loginWithEmail
FNDA:5,loginWithGoogle
FNDA:3,setupApodo
FNDA:3,getProfile
FNDA:2,assignStarterCar
DA:1,3
DA:2,3
DA:3,3
DA:4,3
DA:5,3
DA:7,3
DA:9,3
DA:10,3
DA:11,3
DA:12,1
DA:15,2
DA:16,2
DA:17,1
DA:20,1
DA:22,1
DA:27,1
DA:32,1
DA:34,1
DA:35,1
DA:38,3
DA:39,4
DA:44,4
DA:45,1
DA:48,3
DA:49,3
DA:50,1
DA:53,2
DA:58,2
DA:59,2
DA:62,3
DA:63,5
DA:68,5
DA:69,5
DA:71,4
DA:74,4
DA:76,4
DA:77,3
DA:79,3
DA:80,1
DA:83,2
DA:85,1
DA:86,1
DA:88,1
DA:92,1
DA:96,3
DA:101,3
DA:102,3
DA:105,3
DA:106,3
DA:107,3
DA:109,2
DA:110,2
DA:112,1
DA:117,1
DA:118,1
DA:121,3
DA:122,3
DA:123,3
DA:125,2
DA:139,2
DA:143,2
DA:144,2
DA:145,2
LF:63
LH:63
BRDA:11,0,0,1
BRDA:16,1,0,1
BRDA:44,2,0,1
BRDA:44,3,0,4
BRDA:44,3,1,3
BRDA:49,4,0,1
BRDA:59,5,0,2
BRDA:59,5,1,1
BRDA:69,6,0,1
BRDA:76,7,0,3
BRDA:79,8,0,1
BRDA:83,9,0,1
BRDA:83,9,1,1
BRDA:102,10,0,3
BRDA:102,10,1,2
BRDA:107,11,0,1
BRDA:110,12,0,1
BRDA:123,13,0,1
BRDA:139,14,0,2
BRDA:139,14,1,1
BRDA:144,15,0,0
BRF:21
BRH:20
end_of_record
TN:
SF:src\services\garage.service.ts
FN:3,getGarage
FN:30,updateCarColor
FNF:2
FNH:2
FNDA:2,getGarage
FNDA:4,updateCarColor
DA:1,3
DA:3,3
DA:4,2
DA:26,2
DA:27,1
DA:30,3
DA:31,4
DA:32,2
DA:36,2
DA:43,2
DA:45,1
DA:50,1
LF:12
LH:12
BRDA:26,0,0,1
BRDA:31,1,0,2
BRDA:43,2,0,1
BRF:3
BRH:3
end_of_record
TN:
SF:src\utils\jwt.ts
FN:5,signToken
FN:9,verifyToken
FNF:2
FNH:2
FNDA:11,signToken
FNDA:15,verifyToken
DA:1,6
DA:2,6
DA:5,6
DA:6,11
DA:9,6
DA:10,15
LF:6
LH:6
BRF:0
BRH:0
end_of_record
TN:
SF:src\utils\password.ts
FN:5,(anonymous_1)
FN:6,(anonymous_2)
FNF:2
FNH:2
FNDA:6,(anonymous_1)
FNDA:5,(anonymous_2)
DA:1,4
DA:3,4
DA:5,6
DA:6,5
LF:4
LH:4
BRF:0
BRH:0
end_of_record
